0 info it worked if it ends with ok
1 verbose cli [ 'node', '/usr/local/bin/npm', 'install', './package.json' ]
2 info using npm@2.5.1
3 info using node@v0.12.1
4 warn package.json formulatrix@0.0.1 No README data
5 silly cache add args [ './package.json', null ]
6 verbose cache add spec ./package.json
7 silly cache add parsed spec { raw: './package.json',
7 silly cache add   scope: null,
7 silly cache add   name: null,
7 silly cache add   rawSpec: './package.json',
7 silly cache add   spec: '/Users/robbiedawson/Projects/formulatrix/package.json',
7 silly cache add   type: 'local' }
8 silly addLocalTarball shasum (computed) ec4549338da33ca49373ca0a5ee41864d76b89f5
9 verbose addTmpTarball /Users/robbiedawson/Projects/formulatrix/package.json not in flight; adding
10 verbose addTmpTarball validating metadata from /Users/robbiedawson/Projects/formulatrix/package.json
11 verbose tar unpack /Users/robbiedawson/Projects/formulatrix/package.json
12 verbose tar unpacking to /var/folders/2l/g8h41njn5894mffbn3cch49m0000gn/T/npm-11842-e0545a49/unpack-364b24f57f49
13 verbose gentlyRm vacuuming /var/folders/2l/g8h41njn5894mffbn3cch49m0000gn/T/npm-11842-e0545a49/unpack-364b24f57f49
14 silly gunzTarPerm modes [ '755', '644' ]
15 error not a package /Users/robbiedawson/Projects/formulatrix/package.json
16 error addLocal Could not install /Users/robbiedawson/Projects/formulatrix/package.json
17 verbose stack Error: ENOENT, open '/var/folders/2l/g8h41njn5894mffbn3cch49m0000gn/T/npm-11842-e0545a49/unpack-364b24f57f49/package.json'
17 verbose stack     at Error (native)
18 verbose cwd /Users/robbiedawson/Projects/formulatrix
19 error Darwin 14.5.0
20 error argv "node" "/usr/local/bin/npm" "install" "./package.json"
21 error node v0.12.1
22 error npm  v2.5.1
23 error path /var/folders/2l/g8h41njn5894mffbn3cch49m0000gn/T/npm-11842-e0545a49/unpack-364b24f57f49/package.json
24 error code ENOENT
25 error errno -2
26 error enoent ENOENT, open '/var/folders/2l/g8h41njn5894mffbn3cch49m0000gn/T/npm-11842-e0545a49/unpack-364b24f57f49/package.json'
26 error enoent This is most likely not a problem with npm itself
26 error enoent and is related to npm not being able to find a file.
27 verbose exit [ -2, true ]
